<?xml version="1.0" encoding="UTF-8"?>
<!-- Generated by org.testng.reporters.JUnitReportReporter -->
<testsuite hostname="BDC11-L-7200GN3" failures="0" tests="1" name="com.Wallethub_Test.WallethubTest" time="20.937" errors="0" timestamp="18 Oct 2018 07:06:48 GMT" skipped="0">
  <testcase classname="com.Wallethub_Test.WallethubTest" name="Validate_InsurancePage_ReviewSubmission" time="20.937"/>
</testsuite> <!-- com.Wallethub_Test.WallethubTest -->
